
> web_app@0.0.0 build
> tsc -b && vite build

[36mvite v7.3.1 [32mbuilding client environment for production...[36m[39m
transforming...
[32mΓ£ô[39m 13 modules transformed.
node.exe : [31mΓ£ù[39m Build failed in 312ms
At C:\Program Files\nodejs\npm.ps1:29 char:3
+   & $NODE_EXE $NPM_CLI_JS $args
+   ~~~~~~~~~~~~~~~~~~~~~~~~~~~~~
    + CategoryInfo          : NotSpecified: ([3 
   1mΓ£ù[39m Build failed in 312ms:String) [],  
   RemoteException
    + FullyQualifiedErrorId : NativeCommandError
 
[31merror during build:
[31m[vite:css] [postcss] It looks like you're 
trying to use `tailwindcss` directly as a 
PostCSS plugin. The PostCSS plugin has moved to 
a separate package, so to continue using 
Tailwind CSS with PostCSS you'll need to install 
`@tailwindcss/postcss` and update your PostCSS 
configuration.[31m
file: [36mC:/Users/Falak/Desktop/rust-project-en
cryption-decryption/web_app/src/index.css:undefin
ed:NaN[31m
    at lt (C:\Users\Falak\Desktop\rust-project-en
cryption-decryption\web_app\node_modules\tailwind
css\dist\lib.js:38:1643)
    at LazyResult.runOnRoot (C:\Users\Falak\Deskt
op\rust-project-encryption-decryption\web_app\nod
e_modules\postcss\lib\lazy-result.js:361:16)
    at LazyResult.runAsync (C:\Users\Falak\Deskto
p\rust-project-encryption-decryption\web_app\node
_modules\postcss\lib\lazy-result.js:290:26)
    at LazyResult.async (C:\Users\Falak\Desktop\r
ust-project-encryption-decryption\web_app\node_mo
dules\postcss\lib\lazy-result.js:192:30)
    at LazyResult.then (C:\Users\Falak\Desktop\ru
st-project-encryption-decryption\web_app\node_mod
ules\postcss\lib\lazy-result.js:436:17)[39m
